<?xml version="1.0" encoding="UTF-8"?>
<testng-results skipped="0" failed="0" ignored="0" total="1" passed="1">
  <reporter-output>
  </reporter-output>
  <suite name="Suite" duration-ms="19859" started-at="2019-07-20T05:03:05Z" finished-at="2019-07-20T05:03:25Z">
    <groups>
    </groups>
    <test name="Test" duration-ms="19859" started-at="2019-07-20T05:03:05Z" finished-at="2019-07-20T05:03:25Z">
      <class name="tests.PositiveTest">
        <test-method status="PASS" signature="setup()[pri:0, instance:tests.PositiveTest@5cb9f472]" name="setup" is-config="true" duration-ms="16" started-at="2019-07-20T05:03:05Z" finished-at="2019-07-20T05:03:05Z">
          <reporter-output>
          </reporter-output>
        </test-method> <!-- setup -->
        <test-method status="PASS" signature="beforeMethod()[pri:0, instance:tests.PositiveTest@5cb9f472]" name="beforeMethod" is-config="true" duration-ms="8449" started-at="2019-07-20T05:03:06Z" finished-at="2019-07-20T05:03:14Z">
          <reporter-output>
          </reporter-output>
        </test-method> <!-- beforeMethod -->
        <test-method status="PASS" signature="PositiveTestForRegPage(java.lang.String, java.lang.String, java.lang.String, java.lang.String, java.lang.String, java.lang.String, java.lang.String, java.lang.String)[pri:0, instance:tests.PositiveTest@5cb9f472]" name="PositiveTestForRegPage" duration-ms="10219" started-at="2019-07-20T05:03:14Z" data-provider="ExcelData" finished-at="2019-07-20T05:03:24Z">
          <params>
            <param index="0">
              <value>
                <![CDATA[Urmila]]>
              </value>
            </param>
            <param index="1">
              <value>
                <![CDATA[Madhu]]>
              </value>
            </param>
            <param index="2">
              <value>
                <![CDATA[urmi.moturug@gmail.com]]>
              </value>
            </param>
            <param index="3">
              <value>
                <![CDATA[PlaniT@1]]>
              </value>
            </param>
            <param index="4">
              <value>
                <![CDATA[11]]>
              </value>
            </param>
            <param index="5">
              <value>
                <![CDATA[Mar]]>
              </value>
            </param>
            <param index="6">
              <value>
                <![CDATA[1981]]>
              </value>
            </param>
            <param index="7">
              <value>
                <![CDATA[F]]>
              </value>
            </param>
          </params>
          <reporter-output>
          </reporter-output>
        </test-method> <!-- PositiveTestForRegPage -->
        <test-method status="PASS" signature="afterMethod()[pri:0, instance:tests.PositiveTest@5cb9f472]" name="afterMethod" is-config="true" duration-ms="722" started-at="2019-07-20T05:03:24Z" finished-at="2019-07-20T05:03:25Z">
          <reporter-output>
          </reporter-output>
        </test-method> <!-- afterMethod -->
      </class> <!-- tests.PositiveTest -->
    </test> <!-- Test -->
  </suite> <!-- Suite -->
</testng-results>
